<?xml version="1.0" encoding="UTF-8"?>
<!-- Generated by org.testng.reporters.JUnitXMLReporter -->
<testsuite ignored="0" hostname="DESKTOP-6JOMMLI" failures="0" tests="3" name="Default test" time="0.062" errors="0" timestamp="2025-03-25T13:00:57 IST">
  <testcase classname="genericUtility.baseClass" name="@BeforeTest browser" time="-1.742887857888E9">
    <failure type="org.testng.TestNGException" message="
Parameter &amp;apos;browser&amp;apos; is required by BeforeTest on method browser but has not been marked @Optional or defined
in C:\Users\shrav\AppData\Local\Temp\testng-eclipse-987284051\testng-customsuite.xml">
      <![CDATA[org.testng.TestNGException: 
Parameter 'browser' is required by BeforeTest on method browser but has not been marked @Optional or defined
in C:\Users\shrav\AppData\Local\Temp\testng-eclipse-987284051\testng-customsuite.xml
at org.testng.internal.Parameters.createParams(Parameters.java:264)
at org.testng.internal.Parameters.createParametersForMethod(Parameters.java:352)
at org.testng.internal.Parameters.createParameters(Parameters.java:690)
at org.testng.internal.Parameters.createConfigurationParameters(Parameters.java:163)
at org.testng.internal.invokers.ConfigInvoker.invokeConfigurations(ConfigInvoker.java:313)
at org.testng.TestRunner.invokeTestConfigurations(TestRunner.java:655)
at org.testng.TestRunner.beforeRun(TestRunner.java:644)
at org.testng.TestRunner.run(TestRunner.java:610)
at org.testng.SuiteRunner.runTest(SuiteRunner.java:421)
at org.testng.SuiteRunner.runSequentially(SuiteRunner.java:413)
at org.testng.SuiteRunner.privateRun(SuiteRunner.java:373)
at org.testng.SuiteRunner.run(SuiteRunner.java:312)
at org.testng.SuiteRunnerWorker.runSuite(SuiteRunnerWorker.java:52)
at org.testng.SuiteRunnerWorker.run(SuiteRunnerWorker.java:95)
at org.testng.TestNG.runSuitesSequentially(TestNG.java:1274)
at org.testng.TestNG.runSuitesLocally(TestNG.java:1208)
at org.testng.TestNG.runSuites(TestNG.java:1112)
at org.testng.TestNG.run(TestNG.java:1079)
at org.testng.remote.AbstractRemoteTestNG.run(AbstractRemoteTestNG.java:115)
at org.testng.remote.RemoteTestNG.initAndRun(RemoteTestNG.java:293)
at org.testng.remote.RemoteTestNG.main(RemoteTestNG.java:91)
]]>
    </failure>
  </testcase> <!-- @BeforeTest browser -->
  <testcase classname="genericUtility.baseClass" name="@BeforeClass openBrowser" time="0.0">
    <skipped/>
  </testcase> <!-- @BeforeClass openBrowser -->
  <testcase classname="genericUtility.baseClass" name="@BeforeMethod methods" time="0.0">
    <skipped/>
  </testcase> <!-- @BeforeMethod methods -->
  <testcase classname="genericUtility.baseClass" name="@AfterMethod closing" time="0.0">
    <skipped/>
  </testcase> <!-- @AfterMethod closing -->
  <testcase classname="genericUtility.baseClass" name="@BeforeMethod methods" time="0.0">
    <skipped/>
  </testcase> <!-- @BeforeMethod methods -->
  <testcase classname="genericUtility.baseClass" name="@AfterMethod closing" time="0.0">
    <skipped/>
  </testcase> <!-- @AfterMethod closing -->
  <testcase classname="genericUtility.baseClass" name="@BeforeMethod methods" time="0.0">
    <skipped/>
  </testcase> <!-- @BeforeMethod methods -->
  <testcase classname="genericUtility.baseClass" name="@AfterMethod closing" time="0.0">
    <skipped/>
  </testcase> <!-- @AfterMethod closing -->
  <testcase classname="com.ecommerce.miraggio.pdpPractice" name="shopByCatogory" time="0.0">
    <skipped/>
  </testcase> <!-- shopByCatogory -->
  <testcase classname="com.ecommerce.miraggio.pdpPractice" name="plp" time="0.0">
    <skipped/>
  </testcase> <!-- plp -->
  <testcase classname="com.ecommerce.miraggio.pdpPractice" name="variant" time="0.0">
    <skipped/>
  </testcase> <!-- variant -->
</testsuite> <!-- Default test -->
